#
# There is insufficient memory for the Java Runtime Environment to continue.
# Native memory allocation (mmap) failed to map 65536 bytes for Failed to commit metaspace.
# Possible reasons:
#   The system is out of physical RAM or swap space
#   The process is running with CompressedOops enabled, and the Java Heap may be blocking the growth of the native heap
# Possible solutions:
#   Reduce memory load on the system
#   Increase physical memory or swap space
#   Check if swap backing store is full
#   Decrease Java heap size (-Xmx/-Xms)
#   Decrease number of Java threads
#   Decrease Java thread stack sizes (-Xss)
#   Set larger code cache with -XX:ReservedCodeCacheSize=
#   JVM is running with Zero Based Compressed Oops mode in which the Java heap is
#     placed in the first 32GB address space. The Java Heap base address is the
#     maximum limit for the native heap growth. Please use -XX:HeapBaseMinAddress
#     to set the Java Heap base and to place the Java Heap above 32GB virtual address.
# This output file may be truncated or incomplete.
#
#  Out of Memory Error (virtualSpaceNode.cpp:112), pid=928, tid=19248
#
# JRE version: OpenJDK Runtime Environment (21.0.1+12) (build 21.0.1+12-29)
# Java VM: OpenJDK 64-Bit Server VM (21.0.1+12-29, mixed mode, emulated-client, sharing, tiered, compressed oops, compressed class ptrs, g1 gc, windows-amd64)
# No core dump will be written. Minidumps are not enabled by default on client versions of Windows
#

---------------  S U M M A R Y ------------

Command Line: -XX:TieredStopAtLevel=1 -Dspring.output.ansi.enabled=always -Dcom.sun.management.jmxremote -Dspring.jmx.enabled=true -Dspring.liveBeansView.mbeanDomain -Dspring.application.admin.enabled=true -Dmanagement.endpoints.jmx.exposure.include=* -javaagent:D:\Program Files\JetBrains\IntelliJ IDEA 2023.3.2\lib\idea_rt.jar=24470:D:\Program Files\JetBrains\IntelliJ IDEA 2023.3.2\bin -Dfile.encoding=UTF-8 -Dsun.stdout.encoding=UTF-8 -Dsun.stderr.encoding=UTF-8 com.example.demo.DemoApplication

Host: 12th Gen Intel(R) Core(TM) i5-12500H, 16 cores, 15G,  Windows 11 , 64 bit Build 22621 (10.0.22621.3958)
Time: Sun Oct 13 23:44:37 2024  Windows 11 , 64 bit Build 22621 (10.0.22621.3958) elapsed time: 0.481457 seconds (0d 0h 0m 0s)

---------------  T H R E A D  ---------------

Current thread (0x000002a5795b9e30):  JavaThread "main"             [_thread_in_vm, id=19248, stack(0x000000f8b3600000,0x000000f8b3700000) (1024K)]

Stack: [0x000000f8b3600000,0x000000f8b3700000]
Native frames: (J=compiled Java code, j=interpreted, Vv=VM code, C=native code)
V  [jvm.dll+0x6c9029]
V  [jvm.dll+0x854b81]
V  [jvm.dll+0x856e5e]
V  [jvm.dll+0x857543]
V  [jvm.dll+0x280c06]
V  [jvm.dll+0x8508ae]
V  [jvm.dll+0x66ca45]
V  [jvm.dll+0x66caaa]
V  [jvm.dll+0x66f2a6]
V  [jvm.dll+0x66f172]
V  [jvm.dll+0x66d41e]
V  [jvm.dll+0x26c581]
V  [jvm.dll+0x2184f7]
V  [jvm.dll+0x20dc4e]
V  [jvm.dll+0x5ac6dc]
V  [jvm.dll+0x21f67a]
V  [jvm.dll+0x7ccde1]
V  [jvm.dll+0x7cde45]
V  [jvm.dll+0x7ce3ef]
V  [jvm.dll+0x7ce098]
V  [jvm.dll+0x26ebdb]
V  [jvm.dll+0x26ee0a]
V  [jvm.dll+0x5cf3e7]
V  [jvm.dll+0x5d239f]
V  [jvm.dll+0x3d7360]
V  [jvm.dll+0x3d69dd]
C  0x000002a57b938495

The last pc belongs to invokestatic (printed below).
Java frames: (J=compiled Java code, j=interpreted, Vv=VM code)
j  java.lang.StackWalker.walk(Ljava/util/function/Function;)Ljava/lang/Object;+7 java.base@21.0.1
j  org.springframework.boot.SpringApplication.deduceMainApplicationClass()Ljava/lang/Class;+12
j  org.springframework.boot.SpringApplication.<init>(Lorg/springframework/core/io/ResourceLoader;[Ljava/lang/Class;)V+150
j  org.springframework.boot.SpringApplication.<init>([Ljava/lang/Class;)V+3
j  org.springframework.boot.SpringApplication.run([Ljava/lang/Class;[Ljava/lang/String;)Lorg/springframework/context/ConfigurableApplicationContext;+5
j  org.springframework.boot.SpringApplication.run(Ljava/lang/Class;[Ljava/lang/String;)Lorg/springframework/context/ConfigurableApplicationContext;+9
j  com.example.demo.DemoApplication.main([Ljava/lang/String;)V+3
v  ~StubRoutines::call_stub 0x000002a57b92100d
invokestatic  184 invokestatic  [0x000002a57b9383e0, 0x000002a57b938540]  352 bytes
[MachCode]
  0x000002a57b9383e0: 4883 ec08 | c5fa 1104 | 24eb 1f48 | 83ec 10c5 | fb11 0424 | eb14 4883 | ec10 4889 | 0424 48c7 
  0x000002a57b938400: 4424 0800 | 0000 00eb | 0150 4c89 | 6dc0 410f | b755 0148 | 8b4d d0c1 | e202 8b5c | d138 c1eb 
  0x000002a57b938420: 1081 e3ff | 0000 0081 | fbb8 0000 | 000f 84b4 | 0000 00bb | b800 0000 | e805 0000 | 00e9 9900 
  0x000002a57b938440: 0000 488b | d348 8d44 | 2408 4c89 | 6dc0 498b | cfc5 f877 | 4989 afa8 | 0300 0049 | 8987 9803 
  0x000002a57b938460: 0000 4883 | ec20 40f6 | c40f 0f84 | 1900 0000 | 4883 ec08 | 48b8 7069 | 1343 fd7f | 0000 ffd0 
  0x000002a57b938480: 4883 c408 | e90c 0000 | 0048 b870 | 6913 43fd | 7f00 00ff | d048 83c4 | 2049 c787 | 9803 0000 
  0x000002a57b9384a0: 0000 0000 | 49c7 87a8 | 0300 0000 | 0000 0049 | c787 a003 | 0000 0000 | 0000 c5f8 | 7749 837f 
  0x000002a57b9384c0: 0800 0f84 | 0500 0000 | e933 8afe | ff4c 8b6d | c04c 8b75 | c84e 8d74 | f500 c341 | 0fb7 5501 
  0x000002a57b9384e0: 488b 4dd0 | c1e2 0248 | 8b5c d140 | 488b 5b08 | 488b 5b08 | 488b 5b18 | 80bb 2001 | 0000 050f 
  0x000002a57b938500: 840d 0000 | 004c 3bbb | 3001 0000 | 0f85 21ff | ffff 488b | 5cd1 408b | 54d1 50c1 | ea1c 49ba 
  0x000002a57b938520: 909e 9a43 | fd7f 0000 | 498b 14d2 | 524c 8d6c | 2408 4c89 | 6df0 ff63 | 500f 1f80 | 0000 0000 
[/MachCode]

---------------  P R O C E S S  ---------------

Threads class SMR info:
_java_thread_list=0x000002a50f861670, length=15, elements={
0x000002a5795b9e30, 0x000002a50f2da900, 0x000002a50f2db820, 0x000002a50f2ddc10,
0x000002a50f2df680, 0x000002a50f2e1060, 0x000002a50f2e1ac0, 0x000002a50f2e4560,
0x000002a50f30e810, 0x000002a50f41cf50, 0x000002a50f4d23a0, 0x000002a50f7addc0,
0x000002a50f7d0900, 0x000002a50f89be20, 0x000002a50f9604e0
}

Java Threads: ( => current thread )
=>0x000002a5795b9e30 JavaThread "main"                              [_thread_in_vm, id=19248, stack(0x000000f8b3600000,0x000000f8b3700000) (1024K)]
  0x000002a50f2da900 JavaThread "Reference Handler"          daemon [_thread_blocked, id=7416, stack(0x000000f8b3e00000,0x000000f8b3f00000) (1024K)]
  0x000002a50f2db820 JavaThread "Finalizer"                  daemon [_thread_blocked, id=31900, stack(0x000000f8b3f00000,0x000000f8b4000000) (1024K)]
  0x000002a50f2ddc10 JavaThread "Signal Dispatcher"          daemon [_thread_blocked, id=24552, stack(0x000000f8b4000000,0x000000f8b4100000) (1024K)]
  0x000002a50f2df680 JavaThread "Attach Listener"            daemon [_thread_blocked, id=28232, stack(0x000000f8b4100000,0x000000f8b4200000) (1024K)]
  0x000002a50f2e1060 JavaThread "Service Thread"             daemon [_thread_blocked, id=26340, stack(0x000000f8b4200000,0x000000f8b4300000) (1024K)]
  0x000002a50f2e1ac0 JavaThread "Monitor Deflation Thread"   daemon [_thread_blocked, id=29568, stack(0x000000f8b4300000,0x000000f8b4400000) (1024K)]
  0x000002a50f2e4560 JavaThread "C1 CompilerThread0"         daemon [_thread_blocked, id=27276, stack(0x000000f8b4400000,0x000000f8b4500000) (1024K)]
  0x000002a50f30e810 JavaThread "C1 CompilerThread1"         daemon [_thread_blocked, id=13080, stack(0x000000f8b4500000,0x000000f8b4600000) (1024K)]
  0x000002a50f41cf50 JavaThread "C1 CompilerThread2"         daemon [_thread_blocked, id=33532, stack(0x000000f8b4600000,0x000000f8b4700000) (1024K)]
  0x000002a50f4d23a0 JavaThread "Common-Cleaner"             daemon [_thread_blocked, id=28352, stack(0x000000f8b4700000,0x000000f8b4800000) (1024K)]
  0x000002a50f7addc0 JavaThread "Monitor Ctrl-Break"         daemon [_thread_in_native, id=34396, stack(0x000000f8b4800000,0x000000f8b4900000) (1024K)]
  0x000002a50f7d0900 JavaThread "Notification Thread"        daemon [_thread_blocked, id=19696, stack(0x000000f8b4900000,0x000000f8b4a00000) (1024K)]
  0x000002a50f89be20 JavaThread "C1 CompilerThread3"         daemon [_thread_blocked, id=17740, stack(0x000000f8b4a00000,0x000000f8b4b00000) (1024K)]
  0x000002a50f9604e0 JavaThread "RMI TCP Accept-0"           daemon [_thread_in_native, id=20976, stack(0x000000f8b4b00000,0x000000f8b4c00000) (1024K)]
Total: 15

Other Threads:
  0x000002a50f2bbfa0 VMThread "VM Thread"                           [id=32868, stack(0x000000f8b3d00000,0x000000f8b3e00000) (1024K)]
  0x000002a50f2a5a60 WatcherThread "VM Periodic Task Thread"        [id=18452, stack(0x000000f8b3c00000,0x000000f8b3d00000) (1024K)]
  0x000002a57b8ca420 WorkerThread "GC Thread#0"                     [id=2072, stack(0x000000f8b3700000,0x000000f8b3800000) (1024K)]
  0x000002a57b8db080 ConcurrentGCThread "G1 Main Marker"            [id=6312, stack(0x000000f8b3800000,0x000000f8b3900000) (1024K)]
  0x000002a57b8dca40 WorkerThread "G1 Conc#0"                       [id=27572, stack(0x000000f8b3900000,0x000000f8b3a00000) (1024K)]
  0x000002a50f176e80 ConcurrentGCThread "G1 Refine#0"               [id=25312, stack(0x000000f8b3a00000,0x000000f8b3b00000) (1024K)]
  0x000002a50f177900 ConcurrentGCThread "G1 Service"                [id=25104, stack(0x000000f8b3b00000,0x000000f8b3c00000) (1024K)]
Total: 7

Threads with active compile tasks:
Total: 0

VM state: not at safepoint (normal execution)

VM Mutex/Monitor currently owned by a thread:  ([mutex/lock_event])
[0x00007ffd43998578] Metaspace_lock - owner thread: 0x000002a5795b9e30

Heap address: 0x0000000704400000, size: 4028 MB, Compressed Oops mode: Zero based, Oop shift amount: 3

CDS archive(s) mapped at: [0x000002a510000000-0x000002a510c90000-0x000002a510c90000), size 13172736, SharedBaseAddress: 0x000002a510000000, ArchiveRelocationMode: 1.
Compressed class space mapped at: 0x000002a511000000-0x000002a551000000, reserved size: 1073741824
Narrow klass base: 0x000002a510000000, Narrow klass shift: 0, Narrow klass range: 0x100000000

GC Precious Log:
 CardTable entry size: 512
 Card Set container configuration: InlinePtr #cards 4 size 8 Array Of Cards #cards 16 size 48 Howl #buckets 8 coarsen threshold 3686 Howl Bitmap #cards 512 size 80 coarsen threshold 460 Card regions per heap region 1 cards per card region 4096
 CPUs: 16 total, 16 available
 Memory: 16108M
 Large Page Support: Disabled
 NUMA Support: Disabled
 Compressed Oops: Enabled (Zero based)
 Heap Region Size: 2M
 Heap Min Capacity: 8M
 Heap Initial Capacity: 252M
 Heap Max Capacity: 4028M
 Pre-touch: Disabled
 Parallel Workers: 13
 Concurrent Workers: 3
 Concurrent Refinement Workers: 13
 Periodic GC: Disabled

Heap:
 garbage-first heap   total 258048K, used 20480K [0x0000000704400000, 0x0000000800000000)
  region size 2048K, 11 young (22528K), 0 survivors (0K)
 Metaspace       used 7309K, committed 7552K, reserved 1114112K
  class space    used 899K, committed 1024K, reserved 1048576K

Heap Regions: E=young(eden), S=young(survivor), O=old, HS=humongous(starts), HC=humongous(continues), CS=collection set, F=free, TAMS=top-at-mark-start, PB=parsable bottom
|   0|0x0000000704400000, 0x0000000704400000, 0x0000000704600000|  0%| F|  |TAMS 0x0000000704400000| PB 0x0000000704400000| Untracked 
|   1|0x0000000704600000, 0x0000000704600000, 0x0000000704800000|  0%| F|  |TAMS 0x0000000704600000| PB 0x0000000704600000| Untracked 
|   2|0x0000000704800000, 0x0000000704800000, 0x0000000704a00000|  0%| F|  |TAMS 0x0000000704800000| PB 0x0000000704800000| Untracked 
|   3|0x0000000704a00000, 0x0000000704a00000, 0x0000000704c00000|  0%| F|  |TAMS 0x0000000704a00000| PB 0x0000000704a00000| Untracked 
|   4|0x0000000704c00000, 0x0000000704c00000, 0x0000000704e00000|  0%| F|  |TAMS 0x0000000704c00000| PB 0x0000000704c00000| Untracked 
|   5|0x0000000704e00000, 0x0000000704e00000, 0x0000000705000000|  0%| F|  |TAMS 0x0000000704e00000| PB 0x0000000704e00000| Untracked 
|   6|0x0000000705000000, 0x0000000705000000, 0x0000000705200000|  0%| F|  |TAMS 0x0000000705000000| PB 0x0000000705000000| Untracked 
|   7|0x0000000705200000, 0x0000000705200000, 0x0000000705400000|  0%| F|  |TAMS 0x0000000705200000| PB 0x0000000705200000| Untracked 
|   8|0x0000000705400000, 0x0000000705400000, 0x0000000705600000|  0%| F|  |TAMS 0x0000000705400000| PB 0x0000000705400000| Untracked 
|   9|0x0000000705600000, 0x0000000705600000, 0x0000000705800000|  0%| F|  |TAMS 0x0000000705600000| PB 0x0000000705600000| Untracked 
|  10|0x0000000705800000, 0x0000000705800000, 0x0000000705a00000|  0%| F|  |TAMS 0x0000000705800000| PB 0x0000000705800000| Untracked 
|  11|0x0000000705a00000, 0x0000000705a00000, 0x0000000705c00000|  0%| F|  |TAMS 0x0000000705a00000| PB 0x0000000705a00000| Untracked 
|  12|0x0000000705c00000, 0x0000000705c00000, 0x0000000705e00000|  0%| F|  |TAMS 0x0000000705c00000| PB 0x0000000705c00000| Untracked 
|  13|0x0000000705e00000, 0x0000000705e00000, 0x0000000706000000|  0%| F|  |TAMS 0x0000000705e00000| PB 0x0000000705e00000| Untracked 
|  14|0x0000000706000000, 0x0000000706000000, 0x0000000706200000|  0%| F|  |TAMS 0x0000000706000000| PB 0x0000000706000000| Untracked 
|  15|0x0000000706200000, 0x0000000706200000, 0x0000000706400000|  0%| F|  |TAMS 0x0000000706200000| PB 0x0000000706200000| Untracked 
|  16|0x0000000706400000, 0x0000000706400000, 0x0000000706600000|  0%| F|  |TAMS 0x0000000706400000| PB 0x0000000706400000| Untracked 
|  17|0x0000000706600000, 0x0000000706600000, 0x0000000706800000|  0%| F|  |TAMS 0x0000000706600000| PB 0x0000000706600000| Untracked 
|  18|0x0000000706800000, 0x0000000706800000, 0x0000000706a00000|  0%| F|  |TAMS 0x0000000706800000| PB 0x0000000706800000| Untracked 
|  19|0x0000000706a00000, 0x0000000706a00000, 0x0000000706c00000|  0%| F|  |TAMS 0x0000000706a00000| PB 0x0000000706a00000| Untracked 
|  20|0x0000000706c00000, 0x0000000706c00000, 0x0000000706e00000|  0%| F|  |TAMS 0x0000000706c00000| PB 0x0000000706c00000| Untracked 
|  21|0x0000000706e00000, 0x0000000706e00000, 0x0000000707000000|  0%| F|  |TAMS 0x0000000706e00000| PB 0x0000000706e00000| Untracked 
|  22|0x0000000707000000, 0x0000000707000000, 0x0000000707200000|  0%| F|  |TAMS 0x0000000707000000| PB 0x0000000707000000| Untracked 
|  23|0x0000000707200000, 0x0000000707200000, 0x0000000707400000|  0%| F|  |TAMS 0x0000000707200000| PB 0x0000000707200000| Untracked 
|  24|0x0000000707400000, 0x0000000707400000, 0x0000000707600000|  0%| F|  |TAMS 0x0000000707400000| PB 0x0000000707400000| Untracked 
|  25|0x0000000707600000, 0x0000000707600000, 0x0000000707800000|  0%| F|  |TAMS 0x0000000707600000| PB 0x0000000707600000| Untracked 
|  26|0x0000000707800000, 0x0000000707800000, 0x0000000707a00000|  0%| F|  |TAMS 0x0000000707800000| PB 0x0000000707800000| Untracked 
|  27|0x0000000707a00000, 0x0000000707a00000, 0x0000000707c00000|  0%| F|  |TAMS 0x0000000707a00000| PB 0x0000000707a00000| Untracked 
|  28|0x0000000707c00000, 0x0000000707c00000, 0x0000000707e00000|  0%| F|  |TAMS 0x0000000707c00000| PB 0x0000000707c00000| Untracked 
|  29|0x0000000707e00000, 0x0000000707e00000, 0x0000000708000000|  0%| F|  |TAMS 0x0000000707e00000| PB 0x0000000707e00000| Untracked 
|  30|0x0000000708000000, 0x0000000708000000, 0x0000000708200000|  0%| F|  |TAMS 0x0000000708000000| PB 0x0000000708000000| Untracked 
|  31|0x0000000708200000, 0x0000000708200000, 0x0000000708400000|  0%| F|  |TAMS 0x0000000708200000| PB 0x0000000708200000| Untracked 
|  32|0x0000000708400000, 0x0000000708400000, 0x0000000708600000|  0%| F|  |TAMS 0x0000000708400000| PB 0x0000000708400000| Untracked 
|  33|0x0000000708600000, 0x0000000708600000, 0x0000000708800000|  0%| F|  |TAMS 0x0000000708600000| PB 0x0000000708600000| Untracked 
|  34|0x0000000708800000, 0x0000000708800000, 0x0000000708a00000|  0%| F|  |TAMS 0x0000000708800000| PB 0x0000000708800000| Untracked 
|  35|0x0000000708a00000, 0x0000000708a00000, 0x0000000708c00000|  0%| F|  |TAMS 0x0000000708a00000| PB 0x0000000708a00000| Untracked 
|  36|0x0000000708c00000, 0x0000000708c00000, 0x0000000708e00000|  0%| F|  |TAMS 0x0000000708c00000| PB 0x0000000708c00000| Untracked 
|  37|0x0000000708e00000, 0x0000000708e00000, 0x0000000709000000|  0%| F|  |TAMS 0x0000000708e00000| PB 0x0000000708e00000| Untracked 
|  38|0x0000000709000000, 0x0000000709000000, 0x0000000709200000|  0%| F|  |TAMS 0x0000000709000000| PB 0x0000000709000000| Untracked 
|  39|0x0000000709200000, 0x0000000709200000, 0x0000000709400000|  0%| F|  |TAMS 0x0000000709200000| PB 0x0000000709200000| Untracked 
|  40|0x0000000709400000, 0x0000000709400000, 0x0000000709600000|  0%| F|  |TAMS 0x0000000709400000| PB 0x0000000709400000| Untracked 
|  41|0x0000000709600000, 0x0000000709600000, 0x0000000709800000|  0%| F|  |TAMS 0x0000000709600000| PB 0x0000000709600000| Untracked 
|  42|0x0000000709800000, 0x0000000709800000, 0x0000000709a00000|  0%| F|  |TAMS 0x0000000709800000| PB 0x0000000709800000| Untracked 
|  43|0x0000000709a00000, 0x0000000709a00000, 0x0000000709c00000|  0%| F|  |TAMS 0x0000000709a00000| PB 0x0000000709a00000| Untracked 
|  44|0x0000000709c00000, 0x0000000709c00000, 0x0000000709e00000|  0%| F|  |TAMS 0x0000000709c00000| PB 0x0000000709c00000| Untracked 
|  45|0x0000000709e00000, 0x0000000709e00000, 0x000000070a000000|  0%| F|  |TAMS 0x0000000709e00000| PB 0x0000000709e00000| Untracked 
|  46|0x000000070a000000, 0x000000070a000000, 0x000000070a200000|  0%| F|  |TAMS 0x000000070a000000| PB 0x000000070a000000| Untracked 
|  47|0x000000070a200000, 0x000000070a200000, 0x000000070a400000|  0%| F|  |TAMS 0x000000070a200000| PB 0x000000070a200000| Untracked 
|  48|0x000000070a400000, 0x000000070a400000, 0x000000070a600000|  0%| F|  |TAMS 0x000000070a400000| PB 0x000000070a400000| Untracked 
|  49|0x000000070a600000, 0x000000070a600000, 0x000000070a800000|  0%| F|  |TAMS 0x000000070a600000| PB 0x000000070a600000| Untracked 
|  50|0x000000070a800000, 0x000000070a800000, 0x000000070aa00000|  0%| F|  |TAMS 0x000000070a800000| PB 0x000000070a800000| Untracked 
|  51|0x000000070aa00000, 0x000000070aa00000, 0x000000070ac00000|  0%| F|  |TAMS 0x000000070aa00000| PB 0x000000070aa00000| Untracked 
|  52|0x000000070ac00000, 0x000000070ac00000, 0x000000070ae00000|  0%| F|  |TAMS 0x000000070ac00000| PB 0x000000070ac00000| Untracked 
|  53|0x000000070ae00000, 0x000000070ae00000, 0x000000070b000000|  0%| F|  |TAMS 0x000000070ae00000| PB 0x000000070ae00000| Untracked 
|  54|0x000000070b000000, 0x000000070b000000, 0x000000070b200000|  0%| F|  |TAMS 0x000000070b000000| PB 0x000000070b000000| Untracked 
|  55|0x000000070b200000, 0x000000070b200000, 0x000000070b400000|  0%| F|  |TAMS 0x000000070b200000| PB 0x000000070b200000| Untracked 
|  56|0x000000070b400000, 0x000000070b400000, 0x000000070b600000|  0%| F|  |TAMS 0x000000070b400000| PB 0x000000070b400000| Untracked 
|  57|0x000000070b600000, 0x000000070b600000, 0x000000070b800000|  0%| F|  |TAMS 0x000000070b600000| PB 0x000000070b600000| Untracked 
|  58|0x000000070b800000, 0x000000070b800000, 0x000000070ba00000|  0%| F|  |TAMS 0x000000070b800000| PB 0x000000070b800000| Untracked 
|  59|0x000000070ba00000, 0x000000070ba00000, 0x000000070bc00000|  0%| F|  |TAMS 0x000000070ba00000| PB 0x000000070ba00000| Untracked 
|  60|0x000000070bc00000, 0x000000070bc00000, 0x000000070be00000|  0%| F|  |TAMS 0x000000070bc00000| PB 0x000000070bc00000| Untracked 
|  61|0x000000070be00000, 0x000000070be00000, 0x000000070c000000|  0%| F|  |TAMS 0x000000070be00000| PB 0x000000070be00000| Untracked 
|  62|0x000000070c000000, 0x000000070c000000, 0x000000070c200000|  0%| F|  |TAMS 0x000000070c000000| PB 0x000000070c000000| Untracked 
|  63|0x000000070c200000, 0x000000070c200000, 0x000000070c400000|  0%| F|  |TAMS 0x000000070c200000| PB 0x000000070c200000| Untracked 
|  64|0x000000070c400000, 0x000000070c400000, 0x000000070c600000|  0%| F|  |TAMS 0x000000070c400000| PB 0x000000070c400000| Untracked 
|  65|0x000000070c600000, 0x000000070c600000, 0x000000070c800000|  0%| F|  |TAMS 0x000000070c600000| PB 0x000000070c600000| Untracked 
|  66|0x000000070c800000, 0x000000070c800000, 0x000000070ca00000|  0%| F|  |TAMS 0x000000070c800000| PB 0x000000070c800000| Untracked 
|  67|0x000000070ca00000, 0x000000070ca00000, 0x000000070cc00000|  0%| F|  |TAMS 0x000000070ca00000| PB 0x000000070ca00000| Untracked 
|  68|0x000000070cc00000, 0x000000070cc00000, 0x000000070ce00000|  0%| F|  |TAMS 0x000000070cc00000| PB 0x000000070cc00000| Untracked 
|  69|0x000000070ce00000, 0x000000070ce00000, 0x000000070d000000|  0%| F|  |TAMS 0x000000070ce00000| PB 0x000000070ce00000| Untracked 
|  70|0x000000070d000000, 0x000000070d000000, 0x000000070d200000|  0%| F|  |TAMS 0x000000070d000000| PB 0x000000070d000000| Untracked 
|  71|0x000000070d200000, 0x000000070d200000, 0x000000070d400000|  0%| F|  |TAMS 0x000000070d200000| PB 0x000000070d200000| Untracked 
|  72|0x000000070d400000, 0x000000070d400000, 0x000000070d600000|  0%| F|  |TAMS 0x000000070d400000| PB 0x000000070d400000| Untracked 
|  73|0x000000070d600000, 0x000000070d600000, 0x000000070d800000|  0%| F|  |TAMS 0x000000070d600000| PB 0x000000070d600000| Untracked 
|  74|0x000000070d800000, 0x000000070d800000, 0x000000070da00000|  0%| F|  |TAMS 0x000000070d800000| PB 0x000000070d800000| Untracked 
|  75|0x000000070da00000, 0x000000070da00000, 0x000000070dc00000|  0%| F|  |TAMS 0x000000070da00000| PB 0x000000070da00000| Untracked 
|  76|0x000000070dc00000, 0x000000070dc00000, 0x000000070de00000|  0%| F|  |TAMS 0x000000070dc00000| PB 0x000000070dc00000| Untracked 
|  77|0x000000070de00000, 0x000000070de00000, 0x000000070e000000|  0%| F|  |TAMS 0x000000070de00000| PB 0x000000070de00000| Untracked 
|  78|0x000000070e000000, 0x000000070e000000, 0x000000070e200000|  0%| F|  |TAMS 0x000000070e000000| PB 0x000000070e000000| Untracked 
|  79|0x000000070e200000, 0x000000070e200000, 0x000000070e400000|  0%| F|  |TAMS 0x000000070e200000| PB 0x000000070e200000| Untracked 
|  80|0x000000070e400000, 0x000000070e400000, 0x000000070e600000|  0%| F|  |TAMS 0x000000070e400000| PB 0x000000070e400000| Untracked 
|  81|0x000000070e600000, 0x000000070e600000, 0x000000070e800000|  0%| F|  |TAMS 0x000000070e600000| PB 0x000000070e600000| Untracked 
|  82|0x000000070e800000, 0x000000070e800000, 0x000000070ea00000|  0%| F|  |TAMS 0x000000070e800000| PB 0x000000070e800000| Untracked 
|  83|0x000000070ea00000, 0x000000070ea00000, 0x000000070ec00000|  0%| F|  |TAMS 0x000000070ea00000| PB 0x000000070ea00000| Untracked 
|  84|0x000000070ec00000, 0x000000070ec00000, 0x000000070ee00000|  0%| F|  |TAMS 0x000000070ec00000| PB 0x000000070ec00000| Untracked 
|  85|0x000000070ee00000, 0x000000070ee00000, 0x000000070f000000|  0%| F|  |TAMS 0x000000070ee00000| PB 0x000000070ee00000| Untracked 
|  86|0x000000070f000000, 0x000000070f000000, 0x000000070f200000|  0%| F|  |TAMS 0x000000070f000000| PB 0x000000070f000000| Untracked 
|  87|0x000000070f200000, 0x000000070f200000, 0x000000070f400000|  0%| F|  |TAMS 0x000000070f200000| PB 0x000000070f200000| Untracked 
|  88|0x000000070f400000, 0x000000070f400000, 0x000000070f600000|  0%| F|  |TAMS 0x000000070f400000| PB 0x000000070f400000| Untracked 
|  89|0x000000070f600000, 0x000000070f600000, 0x000000070f800000|  0%| F|  |TAMS 0x000000070f600000| PB 0x000000070f600000| Untracked 
|  90|0x000000070f800000, 0x000000070f800000, 0x000000070fa00000|  0%| F|  |TAMS 0x000000070f800000| PB 0x000000070f800000| Untracked 
|  91|0x000000070fa00000, 0x000000070fa00000, 0x000000070fc00000|  0%| F|  |TAMS 0x000000070fa00000| PB 0x000000070fa00000| Untracked 
|  92|0x000000070fc00000, 0x000000070fc00000, 0x000000070fe00000|  0%| F|  |TAMS 0x000000070fc00000| PB 0x000000070fc00000| Untracked 
|  93|0x000000070fe00000, 0x000000070fe00000, 0x0000000710000000|  0%| F|  |TAMS 0x000000070fe00000| PB 0x000000070fe00000| Untracked 
|  94|0x0000000710000000, 0x0000000710000000, 0x0000000710200000|  0%| F|  |TAMS 0x0000000710000000| PB 0x0000000710000000| Untracked 
|  95|0x0000000710200000, 0x0000000710200000, 0x0000000710400000|  0%| F|  |TAMS 0x0000000710200000| PB 0x0000000710200000| Untracked 
|  96|0x0000000710400000, 0x0000000710400000, 0x0000000710600000|  0%| F|  |TAMS 0x0000000710400000| PB 0x0000000710400000| Untracked 
|  97|0x0000000710600000, 0x0000000710600000, 0x0000000710800000|  0%| F|  |TAMS 0x0000000710600000| PB 0x0000000710600000| Untracked 
|  98|0x0000000710800000, 0x0000000710800000, 0x0000000710a00000|  0%| F|  |TAMS 0x0000000710800000| PB 0x0000000710800000| Untracked 
|  99|0x0000000710a00000, 0x0000000710a00000, 0x0000000710c00000|  0%| F|  |TAMS 0x0000000710a00000| PB 0x0000000710a00000| Untracked 
| 100|0x0000000710c00000, 0x0000000710c00000, 0x0000000710e00000|  0%| F|  |TAMS 0x0000000710c00000| PB 0x0000000710c00000| Untracked 
| 101|0x0000000710e00000, 0x0000000710e00000, 0x0000000711000000|  0%| F|  |TAMS 0x0000000710e00000| PB 0x0000000710e00000| Untracked 
| 102|0x0000000711000000, 0x0000000711000000, 0x0000000711200000|  0%| F|  |TAMS 0x0000000711000000| PB 0x0000000711000000| Untracked 
| 103|0x0000000711200000, 0x0000000711200000, 0x0000000711400000|  0%| F|  |TAMS 0x0000000711200000| PB 0x0000000711200000| Untracked 
| 104|0x0000000711400000, 0x0000000711400000, 0x0000000711600000|  0%| F|  |TAMS 0x0000000711400000| PB 0x0000000711400000| Untracked 
| 105|0x0000000711600000, 0x0000000711600000, 0x0000000711800000|  0%| F|  |TAMS 0x0000000711600000| PB 0x0000000711600000| Untracked 
| 106|0x0000000711800000, 0x0000000711800000, 0x0000000711a00000|  0%| F|  |TAMS 0x0000000711800000| PB 0x0000000711800000| Untracked 
| 107|0x0000000711a00000, 0x0000000711a00000, 0x0000000711c00000|  0%| F|  |TAMS 0x0000000711a00000| PB 0x0000000711a00000| Untracked 
| 108|0x0000000711c00000, 0x0000000711c00000, 0x0000000711e00000|  0%| F|  |TAMS 0x0000000711c00000| PB 0x0000000711c00000| Untracked 
| 109|0x0000000711e00000, 0x0000000711e00000, 0x0000000712000000|  0%| F|  |TAMS 0x0000000711e00000| PB 0x0000000711e00000| Untracked 
| 110|0x0000000712000000, 0x0000000712000000, 0x0000000712200000|  0%| F|  |TAMS 0x0000000712000000| PB 0x0000000712000000| Untracked 
| 111|0x0000000712200000, 0x0000000712200000, 0x0000000712400000|  0%| F|  |TAMS 0x0000000712200000| PB 0x0000000712200000| Untracked 
| 112|0x0000000712400000, 0x0000000712400000, 0x0000000712600000|  0%| F|  |TAMS 0x0000000712400000| PB 0x0000000712400000| Untracked 
| 113|0x0000000712600000, 0x0000000712600000, 0x0000000712800000|  0%| F|  |TAMS 0x0000000712600000| PB 0x0000000712600000| Untracked 
| 114|0x0000000712800000, 0x0000000712800000, 0x0000000712a00000|  0%| F|  |TAMS 0x0000000712800000| PB 0x0000000712800000| Untracked 
| 115|0x0000000712a00000, 0x0000000712bcf760, 0x0000000712c00000| 90%| E|  |TAMS 0x0000000712a00000| PB 0x0000000712a00000| Complete 
| 116|0x0000000712c00000, 0x0000000712e00000, 0x0000000712e00000|100%| E|CS|TAMS 0x0000000712c00000| PB 0x0000000712c00000| Complete 
| 117|0x0000000712e00000, 0x0000000713000000, 0x0000000713000000|100%| E|CS|TAMS 0x0000000712e00000| PB 0x0000000712e00000| Complete 
| 118|0x0000000713000000, 0x0000000713200000, 0x0000000713200000|100%| E|CS|TAMS 0x0000000713000000| PB 0x0000000713000000| Complete 
| 119|0x0000000713200000, 0x0000000713400000, 0x0000000713400000|100%| E|CS|TAMS 0x0000000713200000| PB 0x0000000713200000| Complete 
| 120|0x0000000713400000, 0x0000000713600000, 0x0000000713600000|100%| E|CS|TAMS 0x0000000713400000| PB 0x0000000713400000| Complete 
| 121|0x0000000713600000, 0x0000000713800000, 0x0000000713800000|100%| E|CS|TAMS 0x0000000713600000| PB 0x0000000713600000| Complete 
| 122|0x0000000713800000, 0x0000000713a00000, 0x0000000713a00000|100%| E|CS|TAMS 0x0000000713800000| PB 0x0000000713800000| Complete 
| 123|0x0000000713a00000, 0x0000000713c00000, 0x0000000713c00000|100%| E|CS|TAMS 0x0000000713a00000| PB 0x0000000713a00000| Complete 
| 124|0x0000000713c00000, 0x0000000713e00000, 0x0000000713e00000|100%| E|CS|TAMS 0x0000000713c00000| PB 0x0000000713c00000| Complete 
| 125|0x0000000713e00000, 0x0000000714000000, 0x0000000714000000|100%| E|CS|TAMS 0x0000000713e00000| PB 0x0000000713e00000| Complete 

Card table byte_map: [0x000002a57f760000,0x000002a57ff40000] _byte_map_base: 0x000002a57bf3e000

Marking Bits: (CMBitMap*) 0x000002a57b8caa30
 Bits: [0x000002a508380000, 0x000002a50c270000)

Polling page: 0x000002a579860000

Metaspace:

Usage:
  Non-class:      6.26 MB used.
      Class:    899.05 KB used.
       Both:      7.14 MB used.

Virtual space:
  Non-class space:       64.00 MB reserved,       6.38 MB ( 10%) committed,  1 nodes.
      Class space:        1.00 GB reserved,       1.00 MB ( <1%) committed,  1 nodes.
             Both:        1.06 GB reserved,       7.38 MB ( <1%) committed. 

Chunk freelists:
   Non-Class:  9.34 MB
       Class:  15.00 MB
        Both:  24.34 MB

MaxMetaspaceSize: unlimited
CompressedClassSpaceSize: 1.00 GB
Initial GC threshold: 21.00 MB
Current GC threshold: 21.00 MB
CDS: on
 - commit_granule_bytes: 65536.
 - commit_granule_words: 8192.
 - virtual_space_node_default_size: 8388608.
 - enlarge_chunks_in_place: 1.
 - use_allocation_guard: 0.


Internal statistics:

num_allocs_failed_limit: 0.
num_arena_births: 224.
num_arena_deaths: 0.
num_vsnodes_births: 2.
num_vsnodes_deaths: 0.
num_space_committed: 118.
num_space_uncommitted: 0.
num_chunks_returned_to_freelist: 0.
num_chunks_taken_from_freelist: 317.
num_chunk_merges: 0.
num_chunk_splits: 218.
num_chunks_enlarged: 145.
num_inconsistent_stats: 0.

CodeCache: size=49152Kb used=5096Kb max_used=5096Kb free=44055Kb
 bounds [0x000002a57b920000, 0x000002a57be20000, 0x000002a57e920000]
 total_blobs=1964 nmethods=1476 adapters=410
 compilation: enabled
              stopped_count=0, restarted_count=0
 full_count=0

Compilation events (20 events):
Event: 0.465 Thread 0x000002a50f30e810 nmethod 1463 0x000002a57be15c90 code [0x000002a57be15e60, 0x000002a57be16128]
Event: 0.465 Thread 0x000002a50f89be20 nmethod 1467 0x000002a57be16290 code [0x000002a57be16420, 0x000002a57be16500]
Event: 0.465 Thread 0x000002a50f2e4560 nmethod 1468 0x000002a57be16590 code [0x000002a57be16780, 0x000002a57be16bf0]
Event: 0.465 Thread 0x000002a50f41cf50 nmethod 1469 0x000002a57be16d90 code [0x000002a57be17020, 0x000002a57be17aa0]
Event: 0.468 Thread 0x000002a50f41cf50 1470       1       java.lang.reflect.Constructor::getDeclaringClass (5 bytes)
Event: 0.468 Thread 0x000002a50f41cf50 nmethod 1470 0x000002a57be18390 code [0x000002a57be18520, 0x000002a57be185f0]
Event: 0.470 Thread 0x000002a50f41cf50 1471       1       java.security.SecureClassLoader$CodeSourceKey::equals (60 bytes)
Event: 0.471 Thread 0x000002a50f41cf50 nmethod 1471 0x000002a57be18690 code [0x000002a57be18860, 0x000002a57be18b10]
Event: 0.475 Thread 0x000002a50f41cf50 1472       1       java.util.concurrent.locks.ReentrantLock::newCondition (8 bytes)
Event: 0.475 Thread 0x000002a50f89be20 1473       1       java.util.concurrent.locks.ReentrantLock$Sync::newCondition (9 bytes)
Event: 0.475 Thread 0x000002a50f30e810 1474       1       java.util.concurrent.locks.AbstractQueuedSynchronizer$ConditionObject::<init> (10 bytes)
Event: 0.475 Thread 0x000002a50f2e4560 1475       1       java.lang.ref.ReferenceQueue::<init> (32 bytes)
Event: 0.475 Thread 0x000002a50f30e810 nmethod 1474 0x000002a57be18c90 code [0x000002a57be18e20, 0x000002a57be18f40]
Event: 0.475 Thread 0x000002a50f89be20 nmethod 1473 0x000002a57be18f90 code [0x000002a57be19120, 0x000002a57be19298]
Event: 0.475 Thread 0x000002a50f41cf50 nmethod 1472 0x000002a57be19310 code [0x000002a57be194a0, 0x000002a57be19628]
Event: 0.475 Thread 0x000002a50f2e4560 nmethod 1475 0x000002a57be19710 code [0x000002a57be198c0, 0x000002a57be19c60]
Event: 0.477 Thread 0x000002a50f2e4560 1476       1       java.util.concurrent.atomic.AtomicInteger::get (5 bytes)
Event: 0.477 Thread 0x000002a50f2e4560 nmethod 1476 0x000002a57be19d90 code [0x000002a57be19f20, 0x000002a57be19fe8]
Event: 0.478 Thread 0x000002a50f2e4560 1477       1       java.util.concurrent.CopyOnWriteArrayList::getArray (5 bytes)
Event: 0.479 Thread 0x000002a50f2e4560 nmethod 1477 0x000002a57be1a090 code [0x000002a57be1a220, 0x000002a57be1a2f0]

GC Heap History (0 events):
No events

Dll operation events (11 events):
Event: 0.007 Loaded shared library C:\Users\³ÂÍ®\.jdks\openjdk-21.0.1\bin\java.dll
Event: 0.067 Loaded shared library C:\Users\³ÂÍ®\.jdks\openjdk-21.0.1\bin\zip.dll
Event: 0.073 Loaded shared library C:\Users\³ÂÍ®\.jdks\openjdk-21.0.1\bin\instrument.dll
Event: 0.078 Loaded shared library C:\Users\³ÂÍ®\.jdks\openjdk-21.0.1\bin\net.dll
Event: 0.080 Loaded shared library C:\Users\³ÂÍ®\.jdks\openjdk-21.0.1\bin\nio.dll
Event: 0.084 Loaded shared library C:\Users\³ÂÍ®\.jdks\openjdk-21.0.1\bin\zip.dll
Event: 0.122 Loaded shared library D:\Program Files\JetBrains\IntelliJ IDEA 2023.3.2\bin\breakgen64.dll
Event: 0.127 Loaded shared library C:\Users\³ÂÍ®\.jdks\openjdk-21.0.1\bin\jimage.dll
Event: 0.129 Loaded shared library C:\Users\³ÂÍ®\.jdks\openjdk-21.0.1\bin\extnet.dll
Event: 0.152 Loaded shared library C:\Users\³ÂÍ®\.jdks\openjdk-21.0.1\bin\management.dll
Event: 0.162 Loaded shared library C:\Users\³ÂÍ®\.jdks\openjdk-21.0.1\bin\management_ext.dll

Deoptimization events (4 events):
Event: 0.246 Thread 0x000002a5795b9e30 DEOPT PACKING pc=0x000002a57bd170dd sp=0x000000f8b36fd490
Event: 0.246 Thread 0x000002a5795b9e30 DEOPT UNPACKING pc=0x000002a57b974e42 sp=0x000000f8b36fc940 mode 3
Event: 0.252 Thread 0x000002a5795b9e30 DEOPT PACKING pc=0x000002a57bd303e0 sp=0x000000f8b36fd390
Event: 0.252 Thread 0x000002a5795b9e30 DEOPT UNPACKING pc=0x000002a57b974e42 sp=0x000000f8b36fc848 mode 3

Classes loaded (20 events):
Event: 0.443 Loading class java/util/stream/DistinctOps$1$2 done
Event: 0.448 Loading class java/lang/reflect/UndeclaredThrowableException
Event: 0.448 Loading class java/lang/reflect/UndeclaredThrowableException done
Event: 0.464 Loading class java/lang/NoSuchFieldError
Event: 0.464 Loading class java/lang/NoSuchFieldError done
Event: 0.464 Loading class java/lang/FunctionalInterface
Event: 0.464 Loading class java/lang/FunctionalInterface done
Event: 0.466 Loading class java/util/NoSuchElementException
Event: 0.466 Loading class java/util/NoSuchElementException done
Event: 0.471 Loading class java/lang/ArrayIndexOutOfBoundsException
Event: 0.471 Loading class java/lang/ArrayIndexOutOfBoundsException done
Event: 0.475 Loading class java/lang/TypeNotPresentException
Event: 0.475 Loading class java/lang/TypeNotPresentException done
Event: 0.476 Loading class java/lang/reflect/WildcardType
Event: 0.476 Loading class java/lang/reflect/WildcardType done
Event: 0.480 Loading class java/util/concurrent/CountDownLatch
Event: 0.480 Loading class java/util/concurrent/CountDownLatch done
Event: 0.480 Loading class java/util/concurrent/CountDownLatch$Sync
Event: 0.480 Loading class java/util/concurrent/CountDownLatch$Sync done
Event: 0.480 Loading class java/lang/StackStreamFactory

Classes unloaded (0 events):
No events

Classes redefined (0 events):
No events

Internal exceptions (20 events):
Event: 0.134 Thread 0x000002a5795b9e30 Exception <a 'java/lang/NoSuchMethodError'{0x00000007138d5e88}: 'java.lang.Object java.lang.invoke.DelegatingMethodHandle$Holder.reinvoke_L(java.lang.Object, int, long, java.lang.Object, java.lang.Object, int, java.lang.Object)'> (0x00000007138d5e88) 
thrown [s\open\src\hotspot\share\interpreter\linkResolver.cpp, line 773]
Event: 0.135 Thread 0x000002a5795b9e30 Exception <a 'java/lang/NoSuchMethodError'{0x00000007138da118}: 'int java.lang.invoke.DirectMethodHandle$Holder.invokeSpecial(java.lang.Object, java.lang.Object, java.lang.Object)'> (0x00000007138da118) 
thrown [s\open\src\hotspot\share\interpreter\linkResolver.cpp, line 773]
Event: 0.137 Thread 0x000002a5795b9e30 Exception <a 'java/lang/NoSuchMethodError'{0x00000007139723a8}: 'java.lang.Object java.lang.invoke.DirectMethodHandle$Holder.invokeStatic(java.lang.Object, java.lang.Object, int)'> (0x00000007139723a8) 
thrown [s\open\src\hotspot\share\interpreter\linkResolver.cpp, line 773]
Event: 0.138 Thread 0x000002a5795b9e30 Exception <a 'java/lang/NoSuchMethodError'{0x000000071397db58}: 'void java.lang.invoke.DelegatingMethodHandle$Holder.delegate(java.lang.Object, java.lang.Object, int, java.lang.Object)'> (0x000000071397db58) 
thrown [s\open\src\hotspot\share\interpreter\linkResolver.cpp, line 773]
Event: 0.164 Thread 0x000002a5795b9e30 Exception <a 'java/lang/NoSuchMethodError'{0x00000007139b3270}: 'int java.lang.invoke.DirectMethodHandle$Holder.invokeInterface(java.lang.Object, java.lang.Object)'> (0x00000007139b3270) 
thrown [s\open\src\hotspot\share\interpreter\linkResolver.cpp, line 773]
Event: 0.164 Thread 0x000002a5795b9e30 Exception <a 'java/lang/IncompatibleClassChangeError'{0x00000007139b6470}: Found class java.lang.Object, but interface was expected> (0x00000007139b6470) 
thrown [s\open\src\hotspot\share\interpreter\linkResolver.cpp, line 840]
Event: 0.229 Thread 0x000002a5795b9e30 Exception <a 'java/lang/NoSuchMethodError'{0x00000007137bdcd0}: 'java.lang.Object java.lang.invoke.DirectMethodHandle$Holder.invokeStaticInit(java.lang.Object, java.lang.Object, java.lang.Object)'> (0x00000007137bdcd0) 
thrown [s\open\src\hotspot\share\interpreter\linkResolver.cpp, line 773]
Event: 0.271 Thread 0x000002a5795b9e30 Exception <a 'java/lang/NoSuchMethodError'{0x0000000713328458}: 'int java.lang.invoke.DirectMethodHandle$Holder.invokeSpecialIFC(java.lang.Object, java.lang.Object, java.lang.Object)'> (0x0000000713328458) 
thrown [s\open\src\hotspot\share\interpreter\linkResolver.cpp, line 773]
Event: 0.306 Thread 0x000002a5795b9e30 Exception <a 'java/lang/NoSuchMethodError'{0x0000000713399d88}: 'java.lang.Object java.lang.invoke.DirectMethodHandle$Holder.invokeStaticInit(java.lang.Object, int, int, int, int)'> (0x0000000713399d88) 
thrown [s\open\src\hotspot\share\interpreter\linkResolver.cpp, line 773]
Event: 0.315 Thread 0x000002a5795b9e30 Exception <a 'java/lang/NoSuchMethodError'{0x00000007133c69c0}: 'java.lang.Object java.lang.invoke.DirectMethodHandle$Holder.invokeStaticInit(java.lang.Object, java.lang.Object, int, int, int, int)'> (0x00000007133c69c0) 
thrown [s\open\src\hotspot\share\interpreter\linkResolver.cpp, line 773]
Event: 0.323 Thread 0x000002a5795b9e30 Exception <a 'java/lang/ClassNotFoundException'{0x00000007133e3368}: javax/management/remote/rmi/RMIServerImpl_Skel> (0x00000007133e3368) 
thrown [s\open\src\hotspot\share\classfile\systemDictionary.cpp, line 312]
Event: 0.332 Thread 0x000002a5795b9e30 Exception <a 'java/lang/NoSuchMethodError'{0x00000007130009b0}: 'long java.lang.invoke.DirectMethodHandle$Holder.invokeSpecial(java.lang.Object, java.lang.Object)'> (0x00000007130009b0) 
thrown [s\open\src\hotspot\share\interpreter\linkResolver.cpp, line 773]
Event: 0.332 Thread 0x000002a5795b9e30 Exception <a 'java/lang/NoSuchMethodError'{0x0000000713004078}: 'long java.lang.invoke.Invokers$Holder.invokeExact_MT(java.lang.Object, java.lang.Object)'> (0x0000000713004078) 
thrown [s\open\src\hotspot\share\interpreter\linkResolver.cpp, line 773]
Event: 0.380 Thread 0x000002a5795b9e30 Exception <a 'java/lang/ClassNotFoundException'{0x00000007131fd578}: javax/smartcardio/CardPermission> (0x00000007131fd578) 
thrown [s\open\src\hotspot\share\classfile\systemDictionary.cpp, line 312]
Event: 0.383 Thread 0x000002a5795b9e30 Exception <a 'java/io/FileNotFoundException'{0x0000000712e0c350}> (0x0000000712e0c350) 
thrown [s\open\src\hotspot\share\prims\jni.cpp, line 520]
Event: 0.394 Thread 0x000002a5795b9e30 Exception <a 'java/lang/NoSuchMethodError'{0x0000000712e7fdc8}: 'java.lang.Object java.lang.invoke.DirectMethodHandle$Holder.invokeSpecial(java.lang.Object, java.lang.Object, java.lang.Object, long, java.lang.Object)'> (0x0000000712e7fdc8) 
thrown [s\open\src\hotspot\share\interpreter\linkResolver.cpp, line 773]
Event: 0.394 Thread 0x000002a5795b9e30 Exception <a 'java/lang/NoSuchMethodError'{0x0000000712e83718}: 'java.lang.Object java.lang.invoke.Invokers$Holder.linkToTargetMethod(java.lang.Object, long, java.lang.Object, java.lang.Object)'> (0x0000000712e83718) 
thrown [s\open\src\hotspot\share\interpreter\linkResolver.cpp, line 773]
Event: 0.431 Thread 0x000002a5795b9e30 Exception <a 'java/lang/NoSuchMethodError'{0x0000000712c5c830}: 'void java.lang.invoke.DirectMethodHandle$Holder.invokeStatic(java.lang.Object, java.lang.Object, java.lang.Object, java.lang.Object)'> (0x0000000712c5c830) 
thrown [s\open\src\hotspot\share\interpreter\linkResolver.cpp, line 773]
Event: 0.449 Thread 0x000002a5795b9e30 Exception <a 'java/lang/NoSuchMethodError'{0x0000000712dd4178}: 'int java.lang.invoke.DirectMethodHandle$Holder.invokeStaticInit(java.lang.Object, java.lang.Object)'> (0x0000000712dd4178) 
thrown [s\open\src\hotspot\share\interpreter\linkResolver.cpp, line 773]
Event: 0.454 Thread 0x000002a5795b9e30 Exception <a 'java/lang/NoSuchMethodError'{0x0000000712a126d8}: 'void java.lang.invoke.DirectMethodHandle$Holder.invokeInterface(java.lang.Object, java.lang.Object, java.lang.Object, java.lang.Object)'> (0x0000000712a126d8) 
thrown [s\open\src\hotspot\share\interpreter\linkResolver.cpp, line 773]

ZGC Phase Switch (0 events):
No events

VM Operations (10 events):
Event: 0.282 Executing VM operation: HandshakeAllThreads (Deoptimize)
Event: 0.282 Executing VM operation: HandshakeAllThreads (Deoptimize) done
Event: 0.322 Executing VM operation: HandshakeAllThreads (Deoptimize)
Event: 0.322 Executing VM operation: HandshakeAllThreads (Deoptimize) done
Event: 0.323 Executing VM operation: HandshakeAllThreads (Deoptimize)
Event: 0.323 Executing VM operation: HandshakeAllThreads (Deoptimize) done
Event: 0.364 Executing VM operation: HandshakeAllThreads (Deoptimize)
Event: 0.364 Executing VM operation: HandshakeAllThreads (Deoptimize) done
Event: 0.466 Executing VM operation: ICBufferFull
Event: 0.466 Executing VM operation: ICBufferFull done

Events (15 events):
Event: 0.021 Thread 0x000002a5795b9e30 Thread added: 0x000002a5795b9e30
Event: 0.033 Thread 0x000002a50f2da900 Thread added: 0x000002a50f2da900
Event: 0.033 Thread 0x000002a50f2db820 Thread added: 0x000002a50f2db820
Event: 0.033 Thread 0x000002a50f2ddc10 Thread added: 0x000002a50f2ddc10
Event: 0.033 Thread 0x000002a50f2df680 Thread added: 0x000002a50f2df680
Event: 0.033 Thread 0x000002a50f2e1060 Thread added: 0x000002a50f2e1060
Event: 0.033 Thread 0x000002a50f2e1ac0 Thread added: 0x000002a50f2e1ac0
Event: 0.033 Thread 0x000002a50f2e4560 Thread added: 0x000002a50f2e4560
Event: 0.036 Thread 0x000002a50f30e810 Thread added: 0x000002a50f30e810
Event: 0.036 Thread 0x000002a50f41cf50 Thread added: 0x000002a50f41cf50
Event: 0.059 Thread 0x000002a50f4d23a0 Thread added: 0x000002a50f4d23a0
Event: 0.122 Thread 0x000002a50f7addc0 Thread added: 0x000002a50f7addc0
Event: 0.122 Thread 0x000002a50f7d0900 Thread added: 0x000002a50f7d0900
Event: 0.244 Thread 0x000002a50f89be20 Thread added: 0x000002a50f89be20
Event: 0.328 Thread 0x000002a50f9604e0 Thread added: 0x000002a50f9604e0


Dynamic libraries:
0x00007ff67a870000 - 0x00007ff67a87e000 	C:\Users\³ÂÍ®\.jdks\openjdk-21.0.1\bin\java.exe
0x00007ffe32a70000 - 0x00007ffe32c87000 	C:\WINDOWS\SYSTEM32\ntdll.dll
0x00007ffe32110000 - 0x00007ffe321d4000 	C:\WINDOWS\System32\KERNEL32.DLL
0x00007ffe30100000 - 0x00007ffe304b7000 	C:\WINDOWS\System32\KERNELBASE.dll
0x00007ffe305e0000 - 0x00007ffe306f1000 	C:\WINDOWS\System32\ucrtbase.dll
0x00007ffe10b80000 - 0x00007ffe10b98000 	C:\Users\³ÂÍ®\.jdks\openjdk-21.0.1\bin\jli.dll
0x00007ffe10ba0000 - 0x00007ffe10bbb000 	C:\Users\³ÂÍ®\.jdks\openjdk-21.0.1\bin\VCRUNTIME140.dll
0x00007ffe31120000 - 0x00007ffe312cf000 	C:\WINDOWS\System32\USER32.dll
0x00007ffe300d0000 - 0x00007ffe300f6000 	C:\WINDOWS\System32\win32u.dll
0x00007ffe1a880000 - 0x00007ffe1ab13000 	C:\WINDOWS\WinSxS\amd64_microsoft.windows.common-controls_6595b64144ccf1df_6.0.22621.3672_none_2713b9d173822955\COMCTL32.dll
0x00007ffe312e0000 - 0x00007ffe31309000 	C:\WINDOWS\System32\GDI32.dll
0x00007ffe31ce0000 - 0x00007ffe31d87000 	C:\WINDOWS\System32\msvcrt.dll
0x00007ffe304c0000 - 0x00007ffe305d8000 	C:\WINDOWS\System32\gdi32full.dll
0x00007ffe2fef0000 - 0x00007ffe2ff8a000 	C:\WINDOWS\System32\msvcp_win.dll
0x00007ffe322f0000 - 0x00007ffe32321000 	C:\WINDOWS\System32\IMM32.DLL
0x00007ffe10b70000 - 0x00007ffe10b7c000 	C:\Users\³ÂÍ®\.jdks\openjdk-21.0.1\bin\vcruntime140_1.dll
0x00007ffd60b10000 - 0x00007ffd60b9e000 	C:\Users\³ÂÍ®\.jdks\openjdk-21.0.1\bin\msvcp140.dll
0x00007ffd42d60000 - 0x00007ffd43a75000 	C:\Users\³ÂÍ®\.jdks\openjdk-21.0.1\bin\server\jvm.dll
0x00007ffe32330000 - 0x00007ffe323e2000 	C:\WINDOWS\System32\ADVAPI32.dll
0x00007ffe31d90000 - 0x00007ffe31e38000 	C:\WINDOWS\System32\sechost.dll
0x00007ffe30770000 - 0x00007ffe30798000 	C:\WINDOWS\System32\bcrypt.dll
0x00007ffe31e40000 - 0x00007ffe31f54000 	C:\WINDOWS\System32\RPCRT4.dll
0x00007ffe310a0000 - 0x00007ffe31111000 	C:\WINDOWS\System32\WS2_32.dll
0x00007ffe29ff0000 - 0x00007ffe2a024000 	C:\WINDOWS\SYSTEM32\WINMM.dll
0x00007ffe2fc50000 - 0x00007ffe2fc9d000 	C:\WINDOWS\SYSTEM32\POWRPROF.dll
0x00007ffe25310000 - 0x00007ffe2531a000 	C:\WINDOWS\SYSTEM32\VERSION.dll
0x00007ffe2fc30000 - 0x00007ffe2fc43000 	C:\WINDOWS\SYSTEM32\UMPDC.dll
0x00007ffe2ed60000 - 0x00007ffe2ed78000 	C:\WINDOWS\SYSTEM32\kernel.appcore.dll
0x00007ffe10b60000 - 0x00007ffe10b6a000 	C:\Users\³ÂÍ®\.jdks\openjdk-21.0.1\bin\jimage.dll
0x00007ffe2d750000 - 0x00007ffe2d982000 	C:\WINDOWS\SYSTEM32\DBGHELP.DLL
0x00007ffe326a0000 - 0x00007ffe32a2e000 	C:\WINDOWS\System32\combase.dll
0x00007ffe31310000 - 0x00007ffe313e7000 	C:\WINDOWS\System32\OLEAUT32.dll
0x00007ffe142e0000 - 0x00007ffe14312000 	C:\WINDOWS\SYSTEM32\dbgcore.DLL
0x00007ffe30050000 - 0x00007ffe300cb000 	C:\WINDOWS\System32\bcryptPrimitives.dll
0x00007ffe291e0000 - 0x00007ffe291ef000 	C:\Users\³ÂÍ®\.jdks\openjdk-21.0.1\bin\instrument.dll
0x00007ffe0b650000 - 0x00007ffe0b66f000 	C:\Users\³ÂÍ®\.jdks\openjdk-21.0.1\bin\java.dll
0x00007ffe307a0000 - 0x00007ffe31009000 	C:\WINDOWS\System32\SHELL32.dll
0x00007ffe2dc80000 - 0x00007ffe2e57f000 	C:\WINDOWS\SYSTEM32\windows.storage.dll
0x00007ffe2db40000 - 0x00007ffe2dc7f000 	C:\WINDOWS\SYSTEM32\wintypes.dll
0x00007ffe31a20000 - 0x00007ffe31b19000 	C:\WINDOWS\System32\SHCORE.dll
0x00007ffe32440000 - 0x00007ffe3249e000 	C:\WINDOWS\System32\shlwapi.dll
0x00007ffe2fcb0000 - 0x00007ffe2fcd7000 	C:\WINDOWS\SYSTEM32\profapi.dll
0x00007ffdee4f0000 - 0x00007ffdee508000 	C:\Users\³ÂÍ®\.jdks\openjdk-21.0.1\bin\zip.dll
0x00007ffe0b980000 - 0x00007ffe0b990000 	C:\Users\³ÂÍ®\.jdks\openjdk-21.0.1\bin\net.dll
0x00007ffe2b560000 - 0x00007ffe2b696000 	C:\WINDOWS\SYSTEM32\WINHTTP.dll
0x00007ffe2f1d0000 - 0x00007ffe2f239000 	C:\WINDOWS\system32\mswsock.dll
0x00007ffe0b630000 - 0x00007ffe0b646000 	C:\Users\³ÂÍ®\.jdks\openjdk-21.0.1\bin\nio.dll
0x00007ffe27d40000 - 0x00007ffe27d5a000 	D:\Program Files\JetBrains\IntelliJ IDEA 2023.3.2\bin\breakgen64.dll
0x00007ffe0b620000 - 0x00007ffe0b627000 	C:\Users\³ÂÍ®\.jdks\openjdk-21.0.1\bin\extnet.dll
0x00007ffe2e810000 - 0x00007ffe2e912000 	C:\WINDOWS\SYSTEM32\DNSAPI.dll
0x00007ffe2e7e0000 - 0x00007ffe2e80d000 	C:\WINDOWS\SYSTEM32\IPHLPAPI.DLL
0x00007ffe31410000 - 0x00007ffe31419000 	C:\WINDOWS\System32\NSI.dll
0x00007ffe29b30000 - 0x00007ffe29b3a000 	C:\Windows\System32\rasadhlp.dll
0x00007ffe29b40000 - 0x00007ffe29bc3000 	C:\WINDOWS\System32\fwpuclnt.dll
0x00007ffe291d0000 - 0x00007ffe291da000 	C:\Users\³ÂÍ®\.jdks\openjdk-21.0.1\bin\management.dll
0x00007ffe29190000 - 0x00007ffe2919b000 	C:\Users\³ÂÍ®\.jdks\openjdk-21.0.1\bin\management_ext.dll
0x00007ffe312d0000 - 0x00007ffe312d8000 	C:\WINDOWS\System32\PSAPI.DLL
0x00007ffe2f420000 - 0x00007ffe2f43b000 	C:\WINDOWS\SYSTEM32\CRYPTSP.dll
0x00007ffe2ecc0000 - 0x00007ffe2ecf5000 	C:\WINDOWS\system32\rsaenh.dll
0x00007ffe2f2c0000 - 0x00007ffe2f2e8000 	C:\WINDOWS\SYSTEM32\USERENV.dll
0x00007ffe2f440000 - 0x00007ffe2f44c000 	C:\WINDOWS\SYSTEM32\CRYPTBASE.dll
0x00007ffe1bb90000 - 0x00007ffe1bba7000 	C:\WINDOWS\system32\napinsp.dll
0x00007ffe1ba10000 - 0x00007ffe1ba2b000 	C:\WINDOWS\system32\pnrpnsp.dll
0x00007ffe1b9f0000 - 0x00007ffe1ba01000 	C:\WINDOWS\System32\winrnr.dll
0x00007ffe29bd0000 - 0x00007ffe29be5000 	C:\WINDOWS\system32\wshbth.dll
0x00007ffe1b880000 - 0x00007ffe1b8a7000 	C:\WINDOWS\system32\nlansp_c.dll

dbghelp: loaded successfully - version: 4.0.5 - missing functions: none
symbol engine: initialized successfully - sym options: 0x614 - pdb path: .;C:\Users\³ÂÍ®\.jdks\openjdk-21.0.1\bin;C:\WINDOWS\SYSTEM32;C:\WINDOWS\WinSxS\amd64_microsoft.windows.common-controls_6595b64144ccf1df_6.0.22621.3672_none_2713b9d173822955;C:\Users\³ÂÍ®\.jdks\openjdk-21.0.1\bin\se;C:\Users\³ÂÍ®\.jdks\openjdk-21.0.1\bin\;C:\Users\³ÂÍ®\.jdks\openjdk-21.0.1\bi;C:\Users\³ÂÍ®\.jdks\openjdk-21.0.1\;C:\Users\³ÂÍ®\.jdks\openjdk-21.0.;C:\Users\³ÂÍ®\.jdks\openjdk-21.0.1\bin\server;D:\Program Files\JetBrains\IntelliJ IDE;D:\Program Files\JetBrains\IntelliJ IDE;D:\Program Files\JetBrains\IntelliJ IDE;D:\Program Files\JetBrains\IntelliJ IDE;D:\Program Files\JetBrains\IntelliJ IDE

VM Arguments:
jvm_args: -XX:TieredStopAtLevel=1 -Dspring.output.ansi.enabled=always -Dcom.sun.management.jmxremote -Dspring.jmx.enabled=true -Dspring.liveBeansView.mbeanDomain -Dspring.application.admin.enabled=true -Dmanagement.endpoints.jmx.exposure.include=* -javaagent:D:\Program Files\JetBrains\IntelliJ IDEA 2023.3.2\lib\idea_rt.jar=24470:D:\Program Files\JetBrains\IntelliJ IDEA 2023.3.2\bin -Dfile.encoding=UTF-8 -Dsun.stdout.encoding=UTF-8 -Dsun.stderr.encoding=UTF-8 
java_command: com.example.demo.DemoApplication
java_class_path (initial): D:\javacode\demo\target\classes;C:\Users\³ÂÍ®\.m2\repository\org\springframework\boot\spring-boot-starter-web\3.3.4\spring-boot-starter-web-3.3.4.jar;C:\Users\³ÂÍ®\.m2\repository\org\springframework\boot\spring-boot-starter\3.3.4\spring-boot-starter-3.3.4.jar;C:\Users\³ÂÍ®\.m2\repository\org\springframework\boot\spring-boot\3.3.4\spring-boot-3.3.4.jar;C:\Users\³ÂÍ®\.m2\repository\org\springframework\boot\spring-boot-autoconfigure\3.3.4\spring-boot-autoconfigure-3.3.4.jar;C:\Users\³ÂÍ®\.m2\repository\org\springframework\boot\spring-boot-starter-logging\3.3.4\spring-boot-starter-logging-3.3.4.jar;C:\Users\³ÂÍ®\.m2\repository\ch\qos\logback\logback-classic\1.5.8\logback-classic-1.5.8.jar;C:\Users\³ÂÍ®\.m2\repository\ch\qos\logback\logback-core\1.5.8\logback-core-1.5.8.jar;C:\Users\³ÂÍ®\.m2\repository\org\apache\logging\log4j\log4j-to-slf4j\2.23.1\log4j-to-slf4j-2.23.1.jar;C:\Users\³ÂÍ®\.m2\repository\org\apache\logging\log4j\log4j-api\2.23.1\log4j-api-2.23.1.jar;C:\Users\³ÂÍ®\.m2\repository\org\slf4j\jul-to-slf4j\2.0.16\jul-to-slf4j-2.0.16.jar;C:\Users\³ÂÍ®\.m2\repository\jakarta\annotation\jakarta.annotation-api\2.1.1\jakarta.annotation-api-2.1.1.jar;C:\Users\³ÂÍ®\.m2\repository\org\yaml\snakeyaml\2.2\snakeyaml-2.2.jar;C:\Users\³ÂÍ®\.m2\repository\org\springframework\boot\spring-boot-starter-json\3.3.4\spring-boot-starter-json-3.3.4.jar;C:\Users\³ÂÍ®\.m2\repository\com\fasterxml\jackson\core\jackson-databind\2.17.2\jackson-databind-2.17.2.jar;C:\Users\³ÂÍ®\.m2\repository\com\fasterxml\jackson\core\jackson-annotations\2.17.2\jackson-annotations-2.17.2.jar;C:\Users\³ÂÍ®\.m2\repository\com\fasterxml\jackson\core\jackson-core\2.17.2\jackson-core-2.17.2.jar;C:\Users\³ÂÍ®\.m2\repository\com\fasterxml\jackson\datatype\jackson-datatype-jdk8\2.17.2\jackson-datatype-jdk8-2.17.2.jar;C:\Users\³ÂÍ®\.m2\repository\com\fasterxml\jackson\datatype\jackson-datatype-jsr310\2.17.2\jackson-datatype-jsr310-2.17.2.jar;C:\Users\³ÂÍ®\.m2\repository\com\fasterxml\jackson\module\jackson-module-parameter-names\2.17.2\jackson-module-parameter-names-2.17.2.jar;C:\Users\³ÂÍ®\.m2\repository\org\springframework\boot\spring-boot-starter-tomcat\3.3.4\spring-boot-starter-tomcat-3.3.4.jar;C:\Users\³ÂÍ®\.m2\repository\org\apache\tomcat\embed\tomcat-embed-core\10.1.30\tomcat-embed-core-10.1.30.jar;C:\Users\³ÂÍ®\.m2\repository\org\apache\tomcat\embed\tomcat-embed-el\10.1.30\tomcat-embed-el-10.1.30.jar;C:\Users\³ÂÍ®\.m2\repository\org\apache\tomcat\embed\tomcat-embed-websocket\10.1.30\tomcat-embed-websocket-10.1.30.jar;C:\Users\³ÂÍ®\.m2\repository\org\springframework\spring-web\6.1.13\spring-web-6.1.13.jar;C:\Users\³ÂÍ®\.m2\repository\org\springframework\spring-beans\6.1.13\spring-beans-6.1.13.jar;C:\Users\³ÂÍ®\.m2\repository\io\micrometer\micrometer-observation\1.13.4\micrometer-observation-1.13.4.jar;C:\Users\³ÂÍ®\.m2\repository\io\micrometer\micrometer-commons\1.13.4\micrometer-commons-1.13.4.jar;C:\Users\³ÂÍ®\.m2\repository\org\springframework\spring-webmvc\6.1.13\spring-webmvc-6.1.13.jar;C:\Users\³ÂÍ®\.m2\repository\org\springframework\spring-aop\6.1.13\spring-aop-6.1.13.jar;C:\Users\³ÂÍ®\.m2\repository\org\springframework\spring-context\6.1.13\spring-context-6.1.13.jar;C:\Users\³ÂÍ®\.m2\repository\org\springframework\spring-expression\6.1.13\spring-expression-6.1.13.jar;C:\Users\³ÂÍ®\.m2\repository\org\mybatis\spring\boot\mybatis-spring-boot-starter\3.0.3\mybatis-spring-boot-starter-3.0.3.jar;C:\Users\³ÂÍ®\.m2\repository\org\springframework\boot\spring-boot-starter-jdbc\3.3.4\spring-boot-starter-jdbc-3.3.4.jar;C:\Users\³ÂÍ®\.m2\repository\com\zaxxer\HikariCP\5.1.0\HikariCP-5.1.0.jar;C:\Users\³ÂÍ®\.m2\repository\org\springframework\spring-jdbc\6.1.13\spring-jdbc-6.1.13.jar;C:\Users\³ÂÍ®\.m2\repository\org\mybatis\spring\boot\mybatis-spring-boot-autoconfigure\3.0.3\mybatis-spring-boot-autoconfigure-3.0.3.jar;C:\Users\³ÂÍ®\.m2\repository\org\mybatis\mybatis\3.5.14\mybatis-3.5.14.jar;C:\Users\³ÂÍ®\.m2\repository\org\mybatis\mybatis-spring\3.0.3\mybatis-spring-3.0.3.jar;C:\Users\³ÂÍ®\.m2\repository\com\mysql\mysql-connector-j\8.3.0\mysql-connector-j-8.3.0.jar;C:\Users\³ÂÍ®\.m2\repository\org\slf4j\slf4j-api\2.0.16\slf4j-api-2.0.16.jar;C:\Users\³ÂÍ®\.m2\repository\org\springframework\spring-core\6.1.13\spring-core-6.1.13.jar;C:\Users\³ÂÍ®\.m2\repository\org\springframework\spring-jcl\6.1.13\spring-jcl-6.1.13.jar;C:\Users\³ÂÍ®\.m2\repository\org\springframework\spring-tx\6.1.13\spring-tx-6.1.13.jar
Launcher Type: SUN_STANDARD

[Global flags]
     intx CICompilerCount                          = 12                                        {product} {ergonomic}
     uint ConcGCThreads                            = 3                                         {product} {ergonomic}
     uint G1ConcRefinementThreads                  = 13                                        {product} {ergonomic}
   size_t G1HeapRegionSize                         = 2097152                                   {product} {ergonomic}
    uintx GCDrainStackTargetSize                   = 64                                        {product} {ergonomic}
   size_t InitialHeapSize                          = 264241152                                 {product} {ergonomic}
     bool ManagementServer                         = true                                      {product} {command line}
   size_t MarkStackSize                            = 4194304                                   {product} {ergonomic}
   size_t MaxHeapSize                              = 4223664128                                {product} {ergonomic}
   size_t MaxNewSize                               = 2533359616                                {product} {ergonomic}
   size_t MinHeapDeltaBytes                        = 2097152                                   {product} {ergonomic}
   size_t MinHeapSize                              = 8388608                                   {product} {ergonomic}
    uintx NonNMethodCodeHeapSize                   = 4096                                   {pd product} {ergonomic}
    uintx NonProfiledCodeHeapSize                  = 0                                      {pd product} {ergonomic}
     bool ProfileInterpreter                       = false                                  {pd product} {command line}
    uintx ProfiledCodeHeapSize                     = 0                                      {pd product} {ergonomic}
   size_t SoftMaxHeapSize                          = 4223664128                             {manageable} {ergonomic}
     intx TieredStopAtLevel                        = 1                                         {product} {command line}
     bool UseCompressedOops                        = true                           {product lp64_product} {ergonomic}
     bool UseG1GC                                  = true                                      {product} {ergonomic}
     bool UseLargePagesIndividualAllocation        = false                                  {pd product} {ergonomic}

Logging:
Log output configuration:
 #0: stdout all=warning uptime,level,tags foldmultilines=false
 #1: stderr all=off uptime,level,tags foldmultilines=false

Environment Variables:
JAVA_HOME=D:\java1
PATH=D:\python3.11\Scripts\;D:\python3.11\;C:\Program Files\Common Files\Oracle\Java\javapath;D:\vmare\bin\;C:\WINDOWS\system32;C:\WINDOWS;C:\WINDOWS\System32\Wbem;C:\WINDOWS\System32\WindowsPowerShell\v1.0\;C:\WINDOWS\System32\OpenSSH\;D:\Microsoft VS Code\bin;D:\apache-maven-3.9.6\bin;D:\java1\bin;D:\java1\jre\bin;D:\kaifa\sql server\X\160\Tools\Binn\;C:\Program Files\Microsoft SQL Server\160\Tools\Binn\;C:\Program Files\Microsoft SQL Server\Client SDK\ODBC\170\Tools\Binn\;C:\Program Files\Microsoft SQL Server\160\DTS\Binn\;C:\Program Files\Azure Data Studio\bin;D:\Users\chentong\AppData\Roaming\nvm;D:\Program Files\nodejs;D:\Anaconda\python.exe;D:\androidsdk\platform-tools;C:\Program Files\Git\cmd;C:\Users\³ÂÍ®\AppData\Local\Microsoft\WindowsApps;C:\Program Files\Azure Data Studio\bin;D:\Program Files\JetBrains\WebStorm 2023.3.2\bin;;D:\Users\chentong\AppData\Roaming\nvm;D:\Program Files\nodejs;D:\Program Files\JetBrains\IntelliJ IDEA 2023.3.2\bin;;D:\Anaconda;D:\Anaconda\Scripts;D:\Anaconda\Library\bin;D:\nmap
USERNAME=Tyoona
OS=Windows_NT
PROCESSOR_IDENTIFIER=Intel64 Family 6 Model 154 Stepping 3, GenuineIntel
TMP=C:\Users\³ÂÍ®\AppData\Local\Temp
TEMP=C:\Users\³ÂÍ®\AppData\Local\Temp




Periodic native trim disabled

---------------  S Y S T E M  ---------------

OS:
 Windows 11 , 64 bit Build 22621 (10.0.22621.3958)
OS uptime: 0 days 11:17 hours

CPU: total 16 (initial active 16) (16 cores per cpu, 1 threads per core) family 6 model 154 stepping 3 microcode 0x41b, cx8, cmov, fxsr, mmx, 3dnowpref, sse, sse2, sse3, ssse3, sse4.1, sse4.2, popcnt, lzcnt, tsc, tscinvbit, avx, avx2, aes, erms, clmul, bmi1, bmi2, adx, sha, fma, vzeroupper, clflush, clflushopt, clwb, serialize, rdtscp, rdpid, fsrm, f16c, pku, cet_ibt, cet_ss
Processor Information for processor 0
  Max Mhz: 2500, Current Mhz: 2500, Mhz Limit: 2500
Processor Information for processor 1
  Max Mhz: 2500, Current Mhz: 2500, Mhz Limit: 2500
Processor Information for processor 2
  Max Mhz: 2500, Current Mhz: 2500, Mhz Limit: 2500
Processor Information for processor 3
  Max Mhz: 2500, Current Mhz: 2500, Mhz Limit: 2500
Processor Information for processor 4
  Max Mhz: 2500, Current Mhz: 2500, Mhz Limit: 2500
Processor Information for processor 5
  Max Mhz: 2500, Current Mhz: 2500, Mhz Limit: 2500
Processor Information for processor 6
  Max Mhz: 2500, Current Mhz: 2500, Mhz Limit: 2500
Processor Information for processor 7
  Max Mhz: 2500, Current Mhz: 2500, Mhz Limit: 2500
Processor Information for processor 8
  Max Mhz: 2500, Current Mhz: 1500, Mhz Limit: 1800
Processor Information for processor 9
  Max Mhz: 2500, Current Mhz: 1500, Mhz Limit: 1800
Processor Information for processor 10
  Max Mhz: 2500, Current Mhz: 1500, Mhz Limit: 1800
Processor Information for processor 11
  Max Mhz: 2500, Current Mhz: 1800, Mhz Limit: 1800
Processor Information for processor 12
  Max Mhz: 2500, Current Mhz: 1800, Mhz Limit: 1800
Processor Information for processor 13
  Max Mhz: 2500, Current Mhz: 1800, Mhz Limit: 1800
Processor Information for processor 14
  Max Mhz: 2500, Current Mhz: 1500, Mhz Limit: 1800
Processor Information for processor 15
  Max Mhz: 2500, Current Mhz: 1500, Mhz Limit: 1800

Memory: 4k page, system-wide physical 16108M (678M free)
TotalPageFile size 31468M (AvailPageFile size 1M)
current process WorkingSet (physical memory assigned to process): 72M, peak: 72M
current process commit charge ("private bytes"): 359M, peak: 359M

vm_info: OpenJDK 64-Bit Server VM (21.0.1+12-29) for windows-amd64 JRE (21.0.1+12-29), built on 2023-10-05T13:27:09Z by "mach5one" with MS VC++ 17.1 (VS2022)

END.
